2025-06-14 18:49:18,393 - root - INFO - ================================================================================
2025-06-14 18:49:18,393 - root - INFO - 🚀 MULAI TRAINING MODEL: DFS | Durasi: 75 Menit
2025-06-14 18:49:18,394 - root - INFO - ================================================================================
2025-06-14 18:49:18,425 - root - INFO - ✅ Data dimuat. X shape: (21782, 100), y shape: (21782,)
2025-06-14 18:49:18,426 - root - INFO - ⏳ Pelatihan dimulai pada: 2025-06-14 18:49:18
2025-06-14 18:49:18,427 - root - INFO - 🔍 Training model...
2025-06-14 20:04:20,859 - root - INFO - ✅ Training selesai!
2025-06-14 20:04:20,861 - root - INFO - ⏳ TOTAL WAKTU: 4502.43 detik (75.04 menit)
2025-06-14 20:04:42,591 - root - INFO - ✅ Model disimpan ke 8_classification/dfs_75min/8_dfs_model.pkl
2025-06-14 20:04:42,593 - root - INFO - 🏆 Leaderboard:
2025-06-14 20:04:42,597 - root - INFO - 
          rank  ensemble_weight                 type      cost    duration
model_id                                                                  
105          1             0.02          extra_trees  0.007929   52.794250
113          2             0.10          extra_trees  0.008068   42.267687
82           4             0.06          extra_trees  0.008207   54.419313
123          3             0.06          extra_trees  0.008207   54.043558
104          5             0.12          extra_trees  0.008763   62.735695
127          6             0.04          extra_trees  0.008763   59.804750
87           7             0.02          extra_trees  0.008902   24.266659
115          8             0.02          extra_trees  0.008902   32.943781
106          9             0.04          extra_trees  0.009181   54.184411
15          10             0.02          extra_trees  0.009459   34.577532
120         11             0.08          extra_trees  0.009459   29.494849
122         12             0.04          extra_trees  0.009737  145.804300
103         13             0.04          extra_trees  0.009876   69.272789
111         14             0.04          extra_trees  0.010154   42.497629
118         15             0.02          extra_trees  0.010294   44.139933
108         16             0.06          extra_trees  0.010850   41.196502
56          17             0.02          extra_trees  0.012658   75.652478
2           18             0.02        random_forest  0.016553  122.584852
11          19             0.04          extra_trees  0.021422   31.855723
43          20             0.02                  mlp  0.025177   15.746829
13          21             0.06  k_nearest_neighbors  0.025316   18.870894
14          22             0.04                  mlp  0.026151   23.740695
68          23             0.02          extra_trees  0.029072   98.220109
2025-06-14 20:04:42,609 - root - INFO - 💡 Model Ensemble:
2025-06-14 20:04:42,641 - root - INFO - 
None
2025-06-14 20:04:42,642 - root - INFO - ✅ Data dimuat. X shape: (3234, 100), y shape: (3234,)
2025-06-14 20:04:42,643 - root - INFO - ================================================================================
2025-06-14 20:04:42,643 - root - INFO - 📌 Evaluasi Model: dfs
2025-06-14 20:04:42,643 - root - INFO - ================================================================================
2025-06-14 20:04:49,316 - root - INFO - 📊 Laporan Evaluasi:
              precision    recall  f1-score   support

Non-Predator     0.9722    0.9453    0.9586      2964
    Predator     0.5398    0.7037    0.6109       270

    accuracy                         0.9252      3234
   macro avg     0.7560    0.8245    0.7848      3234
weighted avg     0.9361    0.9252    0.9296      3234

2025-06-14 20:04:49,317 - root - INFO - 🎯 Akurasi: 0.9252
2025-06-14 20:04:49,317 - root - INFO - 💾 Laporan disimpan di: 8_classification/dfs_75min/8_dfs_classification_report.txt
2025-06-14 20:04:49,317 - root - INFO - ================================================================================
2025-06-14 20:04:49,317 - root - INFO - ✅ Selesai
2025-06-14 20:04:49,317 - root - INFO - ================================================================================
