2025-05-07 12:33:03,474 - root - INFO - ================================================================================
2025-05-07 12:33:03,474 - root - INFO - 🚀 MEMULAI PELATIHAN MODEL: DFS_RANDOM_30MIN
2025-05-07 12:33:03,474 - root - INFO - ================================================================================
2025-05-07 12:33:03,490 - root - INFO - ✅ Data berhasil dimuat. X shape: (25206, 100), y shape: (25206,)
2025-05-07 12:33:03,490 - root - INFO - ⏳ Pelatihan dimulai pada: 2025-05-07 12:33:03
2025-05-07 12:33:03,490 - root - INFO - 🔍 Memulai training model...
2025-05-07 13:03:09,066 - root - INFO - ✅ Training selesai!
2025-05-07 13:03:09,066 - root - INFO - ⏳ TOTAL WAKTU PELATIHAN: 1805.58 detik (30.09 menit)
2025-05-07 13:03:09,066 - root - INFO - ⌛ Pelatihan selesai pada: 2025-05-07 13:03:09
2025-05-07 13:03:11,834 - root - INFO - ✅ Model disimpan ke 8_classification_random/dfs_random_30min/dfs_random_30min_model.pkl
2025-05-07 13:03:11,834 - root - INFO - 🏆 Leaderboard Model:
2025-05-07 13:03:11,837 - root - INFO - 
          rank  ensemble_weight           type      cost   duration
model_id                                                           
12           1             0.62    extra_trees  0.004208  26.004040
85           2             0.02  random_forest  0.005530  57.491930
94           3             0.06  random_forest  0.006492  60.416241
84           4             0.02  random_forest  0.007574  27.515252
27           5             0.08       adaboost  0.095456  94.206407
58           6             0.20    extra_trees  0.169993   9.928772
2025-05-07 13:03:11,847 - root - INFO - 💡 Ensemble Model:
2025-05-07 13:03:11,859 - root - INFO - 
None
2025-05-07 13:03:11,861 - root - INFO - ✅ Data berhasil dimuat. X shape: (3420, 100), y shape: (3420,)
2025-05-07 13:03:11,861 - root - INFO - ================================================================================
2025-05-07 13:03:11,861 - root - INFO - 📌 Memulai Pengujian Model: dfs_random_30min
2025-05-07 13:03:11,861 - root - INFO - ================================================================================
2025-05-07 13:03:13,123 - root - INFO - 📊 Hasil Evaluasi Model dfs_random_30min:
              precision    recall  f1-score   support

Non-Predator     0.9411    0.9895    0.9647      3151
    Predator     0.6916    0.2751    0.3936       269

    accuracy                         0.9333      3420
   macro avg     0.8164    0.6323    0.6792      3420
weighted avg     0.9215    0.9333    0.9198      3420

2025-05-07 13:03:13,124 - root - INFO - 🎯 Akurasi Model: 0.9333
2025-05-07 13:03:13,124 - root - INFO - 💾 Laporan hasil disimpan di: 8_classification_random/dfs_random_30min/dfs_random_30min_classification_report.txt
2025-05-07 13:03:13,124 - root - INFO - ================================================================================
2025-05-07 13:03:13,124 - root - INFO - ✅ Selesai
2025-05-07 13:03:13,124 - root - INFO - ================================================================================
