2025-05-07 09:41:11,648 - root - INFO - ================================================================================
2025-05-07 09:41:11,648 - root - INFO - 🚀 MEMULAI PELATIHAN MODEL: DFS_RANDOM_90MIN
2025-05-07 09:41:11,648 - root - INFO - ================================================================================
2025-05-07 09:41:11,654 - root - INFO - ✅ Data berhasil dimuat. X shape: (25206, 100), y shape: (25206,)
2025-05-07 09:41:11,654 - root - INFO - ⏳ Pelatihan dimulai pada: 2025-05-07 09:41:11
2025-05-07 09:41:11,655 - root - INFO - 🔍 Memulai training model...
2025-05-07 11:11:14,336 - root - INFO - ✅ Training selesai!
2025-05-07 11:11:14,336 - root - INFO - ⏳ TOTAL WAKTU PELATIHAN: 5402.68 detik (90.04 menit)
2025-05-07 11:11:14,336 - root - INFO - ⌛ Pelatihan selesai pada: 2025-05-07 11:11:14
2025-05-07 11:11:16,506 - root - INFO - ✅ Model disimpan ke 8_classification_random/dfs_random_90min/dfs_random_90min_model.pkl
2025-05-07 11:11:16,506 - root - INFO - 🏆 Leaderboard Model:
2025-05-07 11:11:16,510 - root - INFO - 
          rank  ensemble_weight         type      cost   duration
model_id                                                         
12           1             0.48  extra_trees  0.004208  25.871869
67           2             0.04  extra_trees  0.005410  42.495821
86           3             0.42  extra_trees  0.005410  10.104743
177          4             0.06  extra_trees  0.006011  11.847622
2025-05-07 11:11:16,521 - root - INFO - 💡 Ensemble Model:
2025-05-07 11:11:16,528 - root - INFO - 
None
2025-05-07 11:11:16,532 - root - INFO - ✅ Data berhasil dimuat. X shape: (3420, 100), y shape: (3420,)
2025-05-07 11:11:16,532 - root - INFO - ================================================================================
2025-05-07 11:11:16,532 - root - INFO - 📌 Memulai Pengujian Model: dfs_random_90min
2025-05-07 11:11:16,532 - root - INFO - ================================================================================
2025-05-07 11:11:17,475 - root - INFO - 📊 Hasil Evaluasi Model dfs_random_90min:
              precision    recall  f1-score   support

Non-Predator     0.9392    0.9902    0.9640      3151
    Predator     0.6837    0.2491    0.3651       269

    accuracy                         0.9319      3420
   macro avg     0.8114    0.6196    0.6646      3420
weighted avg     0.9191    0.9319    0.9169      3420

2025-05-07 11:11:17,476 - root - INFO - 🎯 Akurasi Model: 0.9319
2025-05-07 11:11:17,476 - root - INFO - 💾 Laporan hasil disimpan di: 8_classification_random/dfs_random_90min/dfs_random_90min_classification_report.txt
2025-05-07 11:11:17,476 - root - INFO - ================================================================================
2025-05-07 11:11:17,476 - root - INFO - ✅ Selesai
2025-05-07 11:11:17,476 - root - INFO - ================================================================================
