2025-06-14 19:11:43,911 - root - INFO - ================================================================================
2025-06-14 19:11:43,911 - root - INFO - 🚀 MULAI TRAINING MODEL: DFS | Durasi: 15 Menit
2025-06-14 19:11:43,911 - root - INFO - ================================================================================
2025-06-14 19:11:43,918 - root - INFO - ✅ Data dimuat. X shape: (21782, 100), y shape: (21782,)
2025-06-14 19:11:43,918 - root - INFO - ⏳ Pelatihan dimulai pada: 2025-06-14 19:11:43
2025-06-14 19:11:43,918 - root - INFO - 🔍 Training model...
2025-06-14 19:26:42,431 - root - INFO - ✅ Training selesai!
2025-06-14 19:26:42,431 - root - INFO - ⏳ TOTAL WAKTU: 898.51 detik (14.98 menit)
2025-06-14 19:26:51,678 - root - INFO - ✅ Model disimpan ke 8_classification/dfs_15min/8_dfs_model.pkl
2025-06-14 19:26:51,679 - root - INFO - 🏆 Leaderboard:
2025-06-14 19:26:51,684 - root - INFO - 
          rank  ensemble_weight                 type      cost    duration
model_id                                                                  
15           1             0.16          extra_trees  0.009459   24.501133
44           2             0.08        random_forest  0.012380   65.916025
2            3             0.02        random_forest  0.016553  104.189277
53           4             0.04                  mlp  0.017388   51.305884
40           5             0.02                  mlp  0.017666   54.872699
39           6             0.02                  mlp  0.018640   24.881728
11           7             0.04          extra_trees  0.021422   19.460067
21           8             0.04                  mlp  0.024899   59.389290
13           9             0.06  k_nearest_neighbors  0.025316   22.940748
47          10             0.02                  mlp  0.028238   14.602364
24          11             0.08             adaboost  0.083600  135.021107
30          12             0.08          extra_trees  0.189734    8.962921
33          13             0.26          extra_trees  0.242871    3.930222
37          14             0.04         bernoulli_nb  0.264849   10.466705
31          15             0.02          extra_trees  0.296564    7.188034
56          16             0.02                  mlp  0.458061   11.268829
2025-06-14 19:26:51,702 - root - INFO - 💡 Model Ensemble:
2025-06-14 19:26:51,741 - root - INFO - 
None
2025-06-14 19:26:51,743 - root - INFO - ✅ Data dimuat. X shape: (3234, 100), y shape: (3234,)
2025-06-14 19:26:51,743 - root - INFO - ================================================================================
2025-06-14 19:26:51,743 - root - INFO - 📌 Evaluasi Model: dfs
2025-06-14 19:26:51,743 - root - INFO - ================================================================================
2025-06-14 19:26:55,877 - root - INFO - 📊 Laporan Evaluasi:
              precision    recall  f1-score   support

Non-Predator     0.9761    0.9359    0.9556      2964
    Predator     0.5153    0.7481    0.6103       270

    accuracy                         0.9202      3234
   macro avg     0.7457    0.8420    0.7829      3234
weighted avg     0.9376    0.9202    0.9267      3234

2025-06-14 19:26:55,878 - root - INFO - 🎯 Akurasi: 0.9202
2025-06-14 19:26:55,881 - root - INFO - 💾 Laporan disimpan di: 8_classification/dfs_15min/8_dfs_classification_report.txt
2025-06-14 19:26:55,881 - root - INFO - ================================================================================
2025-06-14 19:26:55,881 - root - INFO - ✅ Selesai
2025-06-14 19:26:55,881 - root - INFO - ================================================================================
