2025-06-14 11:48:32,755 - INFO - ================================================================================
2025-06-14 11:48:32,755 - INFO - === Memulai pengecekan hasil vektorisasi ===
2025-06-14 11:48:32,755 - INFO - ================================================================================
2025-06-14 11:48:32,755 - INFO - 
游댍 **Memeriksa hasil untuk metode: BFS**
2025-06-14 11:48:32,755 - INFO - 游닌 Memuat model: 6_vectorized_journal_data/6_doc2vec_bfs_train.model
2025-06-14 11:48:32,755 - INFO - loading Doc2Vec object from 6_vectorized_journal_data/6_doc2vec_bfs_train.model
2025-06-14 11:48:32,762 - INFO - loading dv recursively from 6_vectorized_journal_data/6_doc2vec_bfs_train.model.dv.* with mmap=None
2025-06-14 11:48:32,762 - INFO - loading wv recursively from 6_vectorized_journal_data/6_doc2vec_bfs_train.model.wv.* with mmap=None
2025-06-14 11:48:32,762 - INFO - setting ignored attribute cum_table to None
2025-06-14 11:48:32,783 - INFO - Doc2Vec lifecycle event {'fname': '6_vectorized_journal_data/6_doc2vec_bfs_train.model', 'datetime': '2025-06-14T11:48:32.766369', 'gensim': '4.3.3', 'python': '3.8.17 (default, Jan 22 2025, 23:55:59) \n[GCC 13.3.0]', 'platform': 'Linux-6.11.0-26-generic-x86_64-with-glibc2.38', 'event': 'loaded'}
2025-06-14 11:48:32,783 - INFO - 游늷 Dimensi vektor: 100
2025-06-14 11:48:32,783 - INFO - 游늷 Jumlah kata dalam vocabulary: 503
2025-06-14 11:48:32,783 - INFO - 游댌 10 Kata Paling Sering Muncul: ['div', 'a', 'li', 'span', 'p', 'img', 'path', 'ul', 'br', 'option']
2025-06-14 11:48:32,786 - INFO - 游빌 Vektor kata 'div': [-0.695138    0.11826176 -0.5581867   0.81985027 -0.04194755  0.23885407
  0.8486985  -0.29485223 -1.4968027  -0.01703756 -0.7367571   0.6302708
 -0.00511383 -0.14119364 -0.27183378  0.3141283  -0.27357242  1.747321
 -0.41803715 -0.9339261   0.00928673 -0.8120044   0.7761244  -1.2771451
  2.3488927   0.44185454  0.18602605 -0.07155471  0.9448764   0.3651507
  0.11418334 -0.07444311  0.5441004  -0.04196922  1.0022025   0.3621825
 -0.5593152  -1.4006647   1.1155081  -0.8970257  -0.8077546  -0.909426
  0.5601665  -1.1914451  -0.11391897 -0.09311432  0.21987715  0.8197018
  0.19534077 -1.0722317  -0.8778187  -0.2471586  -1.5118941   0.974484
  1.3229655   0.73467827  0.3916147  -0.86001015  0.6863306  -0.46521297
 -0.33016658 -0.72725064 -0.1210819   0.40774855 -0.28046474 -0.48860833
  1.0215502   1.4869801  -0.2752483  -0.40524     0.31774795  0.47097787
  1.0956633   0.5131827  -0.99998415 -0.70384514  0.25500655  0.3294413
  0.01935807 -0.23425367 -0.10503387 -0.07600982  0.9438534   0.98032975
  0.7457655  -0.5320879  -0.06019587 -0.76079094 -1.2974795   0.08211135
  0.29424188  0.797866    0.0080809  -1.8694675  -0.21675262  1.3483684
  0.5597401  -1.8730253   0.79693377  0.42091316]
2025-06-14 11:48:32,788 - INFO - 游닌 Memuat file vektor: 6_vectorized_journal_data/6_bfs_train_vectors.npy
2025-06-14 11:48:32,792 - INFO - 游늷 Bentuk array vektor: (12936, 100)
2025-06-14 11:48:32,795 - INFO - 游댌 5 Vektor pertama:
[[ 1.83173001e-01  5.63471057e-02 -2.17533633e-01  3.19625884e-01
  -1.41557530e-01 -3.23281258e-01 -9.20963436e-02  3.64252090e-01
  -5.34716427e-01  9.91879925e-02  1.11920059e-01 -2.40315385e-02
   4.34198052e-01  5.63789725e-01 -7.15112686e-02  2.03476846e-02
   4.33271289e-01  4.19085234e-01 -2.28591785e-01  2.77461737e-01
   1.38776287e-01 -2.94345409e-01  3.44044030e-01 -3.00647229e-01
   1.42324582e-01 -8.15101042e-02  2.84445792e-01  4.20808554e-01
  -7.45205060e-02  9.07558296e-03  3.34038794e-01 -1.83706671e-01
  -3.53277355e-01 -2.87943557e-02  2.44983006e-03  7.17025548e-02
   4.16390121e-01  2.81206012e-01 -4.15024966e-01  2.91071981e-01
   1.64145544e-01 -1.90950453e-01 -5.97852528e-01  3.23196165e-02
  -1.56593665e-01 -1.81440096e-02 -5.05183227e-02 -6.95872083e-02
  -2.40270957e-01 -5.94984442e-02  6.81122318e-02 -1.68547615e-01
  -3.35591286e-01 -9.50552821e-02 -1.44984499e-01  3.43135208e-01
   6.88609555e-02 -3.81293967e-02 -1.34370133e-01 -1.85036778e-01
  -1.41531169e-01 -1.95432216e-01  3.58657211e-01  3.55403215e-01
   8.88594314e-02  3.17331910e-01 -3.62014532e-01  1.82876527e-01
   6.88270926e-02  4.44409810e-02  8.88851061e-02  2.77343392e-01
  -2.88316570e-02  4.31913555e-01  1.84802666e-01 -2.55046666e-01
  -9.86907780e-02 -3.58455062e-01 -1.13512211e-01  1.31673932e-01
   1.01085920e-04 -1.02072977e-01  2.81702846e-01 -3.79875720e-01
   6.67646229e-02 -3.06885689e-01 -1.02073871e-01 -3.97562116e-01
   3.83763045e-01  1.88577920e-01 -8.95523801e-02  9.04759690e-02
  -9.79024768e-02 -2.78715253e-01 -1.50998970e-02 -1.68071017e-01
   3.44762564e-01 -2.25347001e-02 -2.42004186e-01 -2.55963385e-01]
 [ 2.43333932e-02 -1.61437437e-01 -3.05705279e-01 -2.61305004e-01
   4.92592096e-01 -9.89076793e-02  2.16728970e-01 -3.55852306e-01
   2.56869733e-01  9.07340553e-03 -1.58856586e-01 -3.13389637e-02
  -1.22076487e-02  9.31099877e-02  5.94551228e-02  4.27820712e-01
  -3.05070370e-01  1.98822081e-01  3.02326351e-01  7.99830705e-02
   6.01129793e-02  3.49902511e-01 -7.61351883e-02  5.57228029e-01
   8.57246816e-02  2.36803770e-01  1.34323654e-03  9.66450423e-02
  -1.54333562e-01 -6.10529352e-03  3.80594015e-01 -1.08144492e-01
   7.61811482e-03  4.69735190e-02  1.25633687e-01 -2.45940387e-01
  -1.61936581e-02  2.40659937e-02 -1.54839322e-01  4.19263124e-01
   1.30652249e-01 -5.77383451e-02 -2.52842546e-01 -8.78372788e-03
   3.61030072e-01  1.28671765e-01 -9.02595520e-02 -8.80087763e-02
   7.66917169e-02 -1.50812855e-02 -3.01793009e-01 -3.06644738e-02
   2.87713766e-01 -1.45189166e-01 -5.82401194e-02  1.16118960e-01
   3.94863412e-02  2.80128837e-01  2.78374739e-02 -6.21132925e-02
  -1.72161639e-01 -7.50107244e-02 -1.55188501e-01  2.62731612e-01
   4.32417244e-01 -1.98552921e-01  8.71024281e-02  1.23949973e-02
   1.78951263e-01 -1.22461446e-01  1.18396640e-01 -7.90402442e-02
  -2.35796124e-01 -2.52475709e-01 -8.01836979e-03  6.32192865e-02
   1.39535323e-01  4.59163725e-01  2.21619472e-01  8.21664855e-02
  -2.46488303e-01 -2.04872966e-01 -5.59193045e-02 -2.49586865e-01
   1.29280956e-02  3.10843587e-01 -2.65292555e-01 -1.10679932e-01
  -6.01638705e-02 -1.94215402e-01  3.82335074e-02  7.10543916e-02
  -1.93258777e-01 -2.36408919e-01 -2.44675323e-01 -1.25478357e-01
   2.28956062e-02 -4.20094162e-01 -8.64980519e-02  3.35730076e-01]
 [-5.46929613e-02 -7.37191737e-02 -2.89222062e-01  5.17735362e-01
  -1.64931431e-01 -2.27367297e-01 -5.78717981e-03  2.23254353e-01
   1.14375554e-01  2.26175040e-01  1.23183973e-01  5.45518577e-01
   4.89837587e-01  1.87636212e-01  1.39836803e-01  1.91336542e-01
   2.17359662e-01  3.11183989e-01 -4.36319411e-01  2.05617577e-01
   3.23049873e-02 -9.91509855e-02  4.45903391e-02 -1.31450742e-01
   1.65129408e-01  1.37453809e-01  4.78139490e-01  4.19678837e-01
  -2.25077927e-01  4.65479851e-01  4.88496989e-01 -2.87517279e-01
  -1.29022300e-01 -3.53106976e-01  2.37306297e-01 -1.91645715e-02
   4.09131404e-03  3.87535691e-01  1.26156202e-02  7.71972239e-02
   1.20502733e-01 -3.88862193e-02 -3.15497100e-01 -7.28610978e-02
   6.72986805e-02 -7.02321604e-02  2.05083713e-01 -3.29080783e-02
  -5.82739785e-02 -7.29794055e-02  3.44200492e-01 -5.02807684e-02
   5.93416989e-02 -1.01965562e-01 -3.72327596e-01  9.54099074e-02
  -4.69903827e-01 -4.73190367e-01 -3.58320445e-01  1.00897163e-01
   2.31344149e-01 -7.05535337e-02  2.69209743e-01  2.94544071e-01
  -2.43838057e-02 -7.51832826e-03  6.33910894e-02  4.35623765e-01
  -6.83565736e-02  1.63863361e-01 -2.16137059e-02 -3.19082022e-01
  -2.12702900e-03  3.59182537e-01  9.60825458e-02 -2.46693753e-02
  -9.97787807e-03 -1.49367144e-02 -2.27450579e-02 -3.26510258e-02
   2.30040222e-01  6.84268624e-02  2.84966558e-01 -1.51330218e-01
   1.80571210e-02 -4.57838297e-01  5.03169149e-02 -3.31187934e-01
   4.09270138e-01 -6.00146502e-02  4.58445698e-02 -2.78406650e-01
   3.66260052e-01 -2.86527574e-01  4.39935833e-01 -2.50289679e-01
   4.34661925e-01 -2.38471583e-01 -1.78419486e-01 -2.20231935e-01]
 [-2.38582626e-01  2.48062968e-01 -3.42408597e-01  4.19253826e-01
   4.26182032e-01 -1.15828611e-01 -1.19745292e-01 -3.56906168e-02
   6.85981214e-02  2.88775355e-01  5.62823676e-02  6.77914321e-02
   2.86527365e-01  2.36679502e-02  2.99501926e-01  1.36112988e-01
  -2.34483108e-01  2.98603863e-01 -4.13549356e-02  4.89948429e-02
  -1.19259708e-01  2.22423017e-01  1.26881123e-01  3.46182853e-01
   3.15113991e-01  1.02107078e-01  1.20082691e-01 -1.85881148e-03
  -2.58324385e-01 -1.57365929e-02  1.81217313e-01 -3.12673412e-02
  -1.93345562e-01 -3.63193266e-03  4.85518835e-02  1.68715380e-02
  -1.37088150e-01  8.66586342e-02 -1.85738623e-01 -5.21399230e-02
   7.30838478e-02 -1.39632836e-01 -2.50779837e-01  1.29779145e-01
  -4.83633317e-02 -1.86104313e-01  4.87035587e-02 -4.23855707e-02
  -3.04288834e-01 -5.32589629e-02  3.23877633e-01  7.77810737e-02
   9.16323289e-02 -4.98115756e-02 -3.34179401e-01 -2.14442477e-01
  -1.38123408e-01 -1.64312720e-01 -3.73737551e-02 -2.28926972e-01
  -7.70769715e-02  7.93641359e-02  3.67178768e-02 -6.28506020e-02
  -9.34194997e-02  1.17373973e-01 -3.24925110e-02 -2.55244765e-02
  -1.11949064e-01 -7.84619153e-02 -1.01134151e-01  2.09687918e-01
  -2.69737959e-01  1.68745965e-01 -3.69274803e-02  8.27974230e-02
   7.72967935e-02  1.68849066e-01 -3.42430204e-01 -7.74576366e-02
  -2.69836515e-01 -1.21484973e-01  2.16639824e-02 -1.56209275e-01
  -2.63865739e-01  1.96389452e-01  1.99165180e-01 -1.98627606e-01
  -7.87904114e-02 -5.19480510e-03 -2.36687198e-01  1.65317059e-01
  -1.45512015e-01 -1.27460673e-01  2.07030803e-01 -2.35352650e-01
   1.36418477e-01 -1.33001238e-01  6.43779337e-02 -1.05470896e-01]
 [ 5.14328241e-01  8.39189515e-02  7.99572408e-01  5.95918894e-01
  -4.27032918e-01  2.92667300e-01 -3.78057688e-01 -1.25505388e-01
  -1.13876498e+00  2.76533770e-04 -7.47642577e-01 -5.97294927e-01
   3.91411841e-01 -6.02915138e-02 -6.29816532e-01  1.44988790e-01
   5.49434304e-01  7.85177276e-02 -3.03161711e-01 -8.91736567e-01
  -4.43832844e-01 -2.54698485e-01 -4.77649599e-01 -7.84469008e-01
   4.46143657e-01 -5.36500037e-01  9.30918694e-01  8.46092962e-03
  -1.00276971e+00  3.42105150e-01  3.63316052e-02 -2.50884861e-01
  -1.02557488e-01 -3.53684932e-01 -5.20710349e-02  4.45073955e-02
  -6.57980800e-01 -6.78460717e-01 -8.28538716e-01 -1.69846088e-01
  -4.32700813e-01  1.87887996e-01  8.74336958e-02 -1.42588586e-01
   4.55832556e-02  7.11736202e-01  4.71121490e-01  8.25658619e-01
  -7.81323910e-01  2.30252728e-01 -1.54594406e-02  1.42442718e-01
  -5.26928246e-01  4.27485645e-01 -8.08285058e-01 -4.81946379e-01
   8.83281052e-01  7.12554991e-01 -1.38557649e+00 -3.83174062e-01
  -7.00081810e-02  4.59259748e-02 -1.83301973e+00 -2.05102667e-01
   7.15073824e-01  2.98274875e-01 -9.44438055e-02 -3.03985268e-01
  -4.34363857e-02 -5.91066837e-01  2.32452348e-01 -1.16024420e-01
   2.06258878e-01  3.62232476e-01 -1.08915502e-02 -5.51573634e-01
  -7.85652697e-02  7.15658784e-01 -6.52151763e-01 -6.15787506e-01
  -4.61874008e-01  3.03510189e-01 -3.62429768e-01 -8.70290518e-01
  -1.95253029e-01 -6.27266020e-02 -6.75807238e-01 -1.60683960e-01
   1.11877894e+00 -3.74753088e-01  3.49342525e-02  1.30330548e-01
  -8.09530675e-01 -8.42297912e-01 -6.89954221e-01  5.00355780e-01
   5.62604666e-01 -6.29125535e-01 -9.71255749e-02  8.79931543e-03]]
2025-06-14 11:48:32,795 - INFO - 游닌 Memuat file vektor: 6_vectorized_journal_data/6_bfs_test_vectors.npy
2025-06-14 11:48:32,796 - INFO - 游늷 Bentuk array vektor: (3234, 100)
2025-06-14 11:48:32,798 - INFO - 游댌 5 Vektor pertama:
[[-9.41087231e-02  9.59758908e-02 -2.76975721e-01  1.21013083e-01
   1.84232295e-01 -1.23776242e-01  6.66490272e-02  2.22300589e-01
  -1.64781604e-02  1.08199403e-01  9.31090266e-02  5.73713332e-02
   1.75961018e-01  8.08689296e-02  1.72643870e-01  2.90458053e-02
  -4.40740615e-01  3.30336004e-01  2.11222526e-02  4.14308757e-02
  -1.23244137e-01  8.30109119e-02  9.13042277e-02 -3.01688071e-02
   1.62214518e-01  2.63932114e-03  3.12628865e-01 -1.17734056e-02
  -7.03107044e-02  4.91065159e-02  1.08869381e-01 -1.46793053e-01
  -3.00395787e-01  1.37167379e-01  1.37063777e-02  3.07860207e-02
   8.06598365e-02 -6.40038550e-02 -1.00010872e-01 -9.73539501e-02
   9.41101983e-02 -1.21441647e-01 -1.92450047e-01 -4.33492567e-03
   1.75125748e-02 -2.85617523e-02 -2.64376681e-02 -5.66508099e-02
  -2.96978891e-01 -1.55929374e-02  1.74265802e-01  2.00479567e-01
  -1.04632303e-01 -2.39138201e-01 -2.51111418e-01 -1.18104838e-01
   3.02414037e-02 -3.32793929e-02 -1.10612974e-01 -1.61189690e-01
  -2.59328425e-01  2.67811939e-02 -9.30390283e-02 -8.54631662e-02
  -1.82443962e-01  5.46252206e-02 -2.52474248e-02  3.70679945e-02
  -1.37854248e-01  1.22522451e-02 -4.40538414e-02  1.15126662e-01
  -2.65872747e-01  4.06092554e-02 -1.42160967e-01  1.39499933e-01
   1.17389053e-01  2.30872869e-01 -1.12577148e-01  7.62987733e-02
  -7.67306611e-02 -1.64452903e-02  2.76589417e-03 -1.36645958e-01
  -1.21167339e-01  2.19578609e-01  1.95046544e-01 -2.10884407e-01
  -2.02130064e-01 -4.53609554e-03 -1.81984708e-01 -2.98665036e-02
  -1.99010074e-02 -1.00421436e-01  9.52837542e-02 -3.97737920e-02
   1.41352355e-01  5.45567870e-02  7.12740496e-02 -1.80561215e-01]
 [-2.63830155e-01  6.80962503e-02 -3.57985705e-01  6.49800757e-03
   2.18171328e-01 -1.79514229e-01 -1.16996504e-02  4.20175970e-01
  -1.27597347e-01  1.94256872e-01 -1.17020778e-01  2.00250700e-01
   8.83763060e-02 -1.29189014e-01  5.78798689e-02 -3.74277890e-01
   9.66696963e-02  1.77115873e-01 -1.57596439e-01 -2.25779429e-01
   3.59965831e-01 -3.29842657e-01 -6.49104938e-02  1.10896155e-01
   2.57334471e-01 -1.52627945e-01 -1.39720067e-01  1.26375958e-01
  -2.08554685e-01 -2.32617497e-01  6.75088763e-02  2.91612625e-01
  -2.07499877e-01 -2.76989996e-01  3.34185809e-02 -1.95942640e-01
  -2.58903325e-01 -2.04252318e-01 -3.07719588e-01 -1.67825483e-02
   1.76060021e-01 -5.15002131e-01 -1.95568521e-02 -1.81539685e-01
  -2.93118060e-01 -6.36711657e-01  4.18254673e-01 -4.68534529e-01
  -2.71777689e-01 -7.20635280e-02  2.36745968e-01  2.04576835e-01
  -8.69418457e-02  2.29718775e-01 -3.99125427e-01 -1.52227402e-01
  -3.15550536e-01 -2.86054522e-01 -4.48371261e-01  3.53628069e-01
   4.06104848e-02 -1.52184948e-01  2.24009007e-01  3.15569460e-01
  -9.84399542e-02 -4.64071333e-03  1.93015426e-01 -7.62703270e-02
  -1.72992736e-01  5.45002341e-01  5.13347909e-02  1.73884764e-01
  -3.36105406e-01  1.16132550e-01  4.40992504e-01  2.51110941e-01
   1.02298081e-01 -6.28713798e-03  2.29400638e-02 -6.24278784e-02
   3.33269835e-01 -1.44973537e-02  2.49109790e-01 -3.89054477e-01
  -4.83569056e-01  8.87085572e-02  4.19833213e-01 -2.97213614e-01
   2.00533103e-02 -1.18805140e-01 -2.10648790e-01 -3.94025445e-01
   1.25955671e-01 -2.01467555e-02  7.57293627e-02 -4.16726083e-01
   1.96086213e-01 -4.61825818e-01 -6.73936456e-02 -8.89299810e-02]
 [ 1.84442639e-01 -1.34119004e-01 -2.49241553e-02 -1.75954595e-01
  -2.29283884e-01 -1.13757864e-01  3.31565328e-02 -2.64983661e-02
  -4.75706793e-02 -1.38795614e-01 -5.60177751e-02 -4.55429079e-03
  -4.15711105e-02 -1.12453192e-01 -6.23586513e-02  3.50620896e-02
   1.25413328e-01  8.45806077e-02 -1.36431873e-01  7.84788579e-02
   5.35513833e-02  1.01304734e-02  7.89033100e-02 -9.08099413e-02
   8.44498072e-03 -4.50701006e-02 -4.27220725e-02  2.16669831e-02
   1.32374346e-01  1.96286976e-01  6.73269629e-02 -1.02775529e-01
   9.90162790e-02 -1.47475526e-01 -9.36660618e-02  6.53235242e-02
   1.98391154e-01 -1.72801942e-01 -1.05052955e-01 -1.08327881e-01
  -2.50816435e-01  5.45440279e-02  7.68750012e-02 -4.04267497e-02
   1.64176375e-01 -1.93239704e-01  2.09835067e-01 -4.95380946e-02
   9.05666053e-02  1.35599896e-01 -2.04507932e-01  4.03066650e-02
  -4.45075333e-02  4.41271998e-02 -4.78988588e-02  1.13111146e-01
   9.10705142e-03 -4.90841344e-02 -2.19033822e-01  4.70628403e-02
   2.45108455e-01  2.68796049e-02 -6.05777055e-02  8.31970051e-02
  -5.21080419e-02  9.34745073e-02  6.24567829e-03 -6.09661490e-02
   5.92103265e-02  1.13689795e-01 -8.08046088e-02 -1.41299129e-01
   2.47294698e-02 -3.69534418e-02  4.95820232e-02  1.48582533e-01
  -2.64229119e-01  1.62479550e-01 -2.17726856e-01  6.98934421e-02
   2.25891680e-01 -1.35484919e-01 -8.18297267e-02  6.52074814e-02
   7.80413300e-02  1.60401896e-01  2.36571077e-02  1.80814579e-01
  -9.80031304e-03 -1.45355180e-01 -1.24022141e-02 -1.47448197e-01
  -8.42800140e-02  3.75468023e-02 -1.67969409e-02 -2.12587133e-01
   1.22703873e-01 -1.99499950e-01 -4.64513078e-02  1.05675310e-01]
 [-5.98922014e-01  1.51595235e-01 -2.75429338e-01  6.43722415e-02
  -1.85802117e-01 -2.32036188e-01 -2.04467863e-01  4.42309737e-01
   3.63851935e-02  2.05450058e-02 -2.94003040e-01  3.70979346e-02
   4.99076337e-01 -3.18148673e-01  4.18790072e-01 -2.21227050e-01
  -7.56438375e-02  2.88033813e-01 -7.75571823e-01  1.30151942e-01
   1.19025029e-01 -1.45819873e-01  1.75497636e-01  2.18658686e-01
   5.13565302e-01 -6.07596338e-01  5.88391721e-01  5.02409227e-02
  -1.18978515e-01  7.06914887e-02 -7.53897876e-02 -5.38285375e-01
  -7.37560391e-02 -6.70898080e-01  4.95386302e-01  5.94003320e-01
   3.94859135e-01  3.09057027e-01  7.82601386e-02  4.77213645e-03
   1.14677865e-02 -2.79818207e-01 -3.74705493e-01 -3.74120362e-02
   3.36868465e-01  2.04393625e-01  8.99266824e-02  3.80748630e-01
   1.99882463e-01 -2.98635244e-01  1.83129728e-01 -5.05372584e-01
  -9.56547186e-02  4.14606541e-01 -5.23844719e-01 -3.96440476e-01
   3.69024985e-02 -4.31807071e-01 -5.16025662e-01 -2.44320869e-01
   4.57837582e-01  5.42615950e-01  4.47272927e-01 -2.56446064e-01
   6.96003065e-02  2.07218215e-01  6.40549421e-01  3.53150785e-01
  -4.60681081e-01  4.74564493e-01  4.07047212e-01 -1.23862408e-01
   2.89818943e-01  1.62548319e-01  4.44971547e-02  6.19788349e-01
  -3.64840537e-01  4.11023945e-01 -6.72373474e-01 -6.98141530e-02
  -3.60393263e-02 -3.66597861e-01  1.78544879e-01 -3.85924220e-01
  -3.24760497e-01 -1.64005578e-01 -2.52617985e-01  7.01492012e-01
   9.06989202e-02  1.16316319e-01  3.61963827e-03  3.48454595e-01
   2.41494492e-01  2.68241793e-01  6.60887063e-01 -4.99714203e-02
  -2.25461468e-01 -4.57326919e-01 -3.62376004e-01 -2.98935503e-01]
 [ 3.89138097e-03  2.85019516e-03  1.18910789e-03  3.26821557e-03
   3.54276411e-03 -1.91709405e-04  1.98792806e-03 -4.44596168e-03
  -2.52106600e-03 -2.21322570e-03 -4.31977725e-03  4.60281363e-03
   2.14218488e-03  4.21029096e-03  2.93911388e-03  4.68525710e-03
  -1.22972101e-03 -3.93213471e-03 -3.44883255e-03  4.79801930e-03
  -4.75227553e-03 -1.70505140e-03 -2.92884093e-03 -1.70782511e-03
   4.87368600e-03  2.09756917e-03  8.45974078e-04  1.87596981e-03
  -1.67590973e-03  3.28754424e-03  4.87692701e-03  4.06035641e-03
   1.54331326e-04  6.87450171e-04 -2.91958032e-03 -4.78847185e-03
  -1.90285710e-03  4.61044023e-03 -2.69407028e-05  2.87299207e-03
   3.83760803e-03  2.26587360e-03 -2.11700867e-03  1.82932313e-03
   1.86759175e-03 -2.91648321e-03 -3.22685484e-03 -3.31630232e-03
  -1.60302909e-03 -4.43950528e-03 -7.50693085e-04  2.31267812e-04
   4.91921138e-03 -4.86893859e-03 -4.83424030e-03 -2.26880633e-03
  -4.19783313e-03 -5.29935351e-04  4.72619943e-03  9.30421927e-04
   1.24779937e-04  3.07508418e-03 -4.26413724e-03 -2.33287713e-03
  -1.31203653e-03 -1.91350584e-04  4.87002777e-03  3.04677966e-03
  -1.06980687e-03 -4.10522986e-03  1.04704266e-03 -4.26787604e-03
  -4.86735441e-03 -3.71189410e-04 -1.95295247e-03  1.62254568e-04
   4.37323749e-03  1.42647326e-03  4.59546736e-03  1.89719256e-03
  -3.13335867e-03  1.87753676e-03 -8.30430712e-04  3.15785641e-03
  -1.48805743e-03 -4.03279299e-03 -2.33681104e-03  1.56637433e-03
   4.13751586e-05  3.17286723e-03 -1.44397106e-03  2.19583511e-03
  -2.54247570e-03  3.40232672e-03  1.19935395e-03  3.67260049e-03
  -4.41818079e-03 -7.87416997e-04 -1.77840679e-03  1.52141217e-03]]
2025-06-14 11:48:32,798 - INFO - 游닌 Memuat file label: 5_split_data/5_bfs_train.json
2025-06-14 11:48:34,198 - INFO - 游늵 Distribusi kelas: [11856  1080]
2025-06-14 11:48:34,313 - INFO - 游닌 Memuat file label: 5_split_data/5_bfs_test.json
2025-06-14 11:48:34,626 - INFO - 游늵 Distribusi kelas: [2964  270]
2025-06-14 11:48:34,652 - INFO - 
游댍 **Memeriksa hasil untuk metode: DFS**
2025-06-14 11:48:34,652 - INFO - 游닌 Memuat model: 6_vectorized_journal_data/6_doc2vec_dfs_train.model
2025-06-14 11:48:34,652 - INFO - loading Doc2Vec object from 6_vectorized_journal_data/6_doc2vec_dfs_train.model
2025-06-14 11:48:34,656 - INFO - loading dv recursively from 6_vectorized_journal_data/6_doc2vec_dfs_train.model.dv.* with mmap=None
2025-06-14 11:48:34,656 - INFO - loading wv recursively from 6_vectorized_journal_data/6_doc2vec_dfs_train.model.wv.* with mmap=None
2025-06-14 11:48:34,656 - INFO - setting ignored attribute cum_table to None
2025-06-14 11:48:34,660 - INFO - Doc2Vec lifecycle event {'fname': '6_vectorized_journal_data/6_doc2vec_dfs_train.model', 'datetime': '2025-06-14T11:48:34.659955', 'gensim': '4.3.3', 'python': '3.8.17 (default, Jan 22 2025, 23:55:59) \n[GCC 13.3.0]', 'platform': 'Linux-6.11.0-26-generic-x86_64-with-glibc2.38', 'event': 'loaded'}
2025-06-14 11:48:34,660 - INFO - 游늷 Dimensi vektor: 100
2025-06-14 11:48:34,660 - INFO - 游늷 Jumlah kata dalam vocabulary: 503
2025-06-14 11:48:34,660 - INFO - 游댌 10 Kata Paling Sering Muncul: ['div', 'a', 'li', 'span', 'p', 'img', 'path', 'ul', 'br', 'option']
2025-06-14 11:48:34,661 - INFO - 游빌 Vektor kata 'div': [-0.26898688  0.19838235 -0.09663815  0.16149996 -0.21771182  0.4901015
  0.31579518  0.6365615  -0.0323122   0.3064449   0.17871727 -0.57127404
 -0.62550795  0.29538167 -0.4747484  -0.356926    0.6868505   0.583846
 -0.07287402  0.5720849   0.2574371  -0.20608296  0.04539701  0.9361633
  0.46566698  0.8474677  -0.21958026 -0.3426699   0.94875485 -0.06584082
 -0.46866962  0.30883133  0.14197914  0.09363806  0.42192098 -0.749337
  0.18199684 -0.31217617  0.27069154  0.2712813  -0.22558169 -0.3735981
  0.7036187   0.559351   -0.5524244   0.3330069   0.40952867 -1.085702
 -0.22437067 -0.47691214  0.22318429 -0.20590837 -0.27203056  0.33665124
 -0.10914467 -0.35362718  0.57020634  0.23716603  0.01590143  0.77886146
 -0.23586719  0.16081181 -0.31309572  0.70758927  0.09472663 -0.5245037
  0.45617437 -0.557599    0.68825346  0.47497952  0.64923143 -1.3909532
  0.4853176  -0.05683558  0.31127802 -0.6525977   0.23023409  0.12164437
  0.22737055  0.25786617  0.11002094  0.31625953  0.1531962  -0.39951918
 -0.09833676 -0.1934242  -0.13518086 -0.32564908 -0.50747836 -0.31403428
  0.2991606   0.11343078  0.5270591  -0.24800104 -0.51573646  0.20378718
 -0.20979919  0.49510062 -0.50432336  0.32870373]
2025-06-14 11:48:34,661 - INFO - 游닌 Memuat file vektor: 6_vectorized_journal_data/6_dfs_train_vectors.npy
2025-06-14 11:48:34,662 - INFO - 游늷 Bentuk array vektor: (12936, 100)
2025-06-14 11:48:34,665 - INFO - 游댌 5 Vektor pertama:
[[ 3.03845376e-01  3.30353111e-01  3.34469378e-01 -2.89507490e-02
   2.57504672e-01  2.84024715e-01 -2.89593577e-01  2.53273040e-01
   2.63807297e-01 -2.42480636e-01  2.05395982e-01  2.46362925e-01
   6.72277153e-01 -2.52670079e-01  6.48546666e-02  2.42645204e-01
   4.62523043e-01 -2.27495387e-01  8.67519453e-02 -4.34733450e-01
  -3.45515944e-02 -3.65728438e-01  2.86685705e-01 -5.31913221e-01
  -2.79712707e-01  3.50291401e-01 -1.90300167e-01 -2.90924385e-02
   4.78842249e-03  2.72995353e-01 -2.74598062e-01 -4.22304600e-01
   4.61149722e-01 -3.11351959e-02 -3.81650656e-01  2.07002312e-01
   2.42081150e-01  1.69789553e-01 -4.22127932e-01  1.07524768e-01
   3.57215524e-01 -5.21786153e-01 -4.21557903e-01  2.61096835e-01
   7.23576993e-02  9.69654918e-02  2.26914242e-01 -4.72306550e-01
  -3.85575891e-01  1.21074818e-01 -5.74874222e-01 -1.73023820e-01
  -3.66875768e-01 -2.69128442e-01 -9.97982547e-02 -5.37199140e-01
  -2.30696559e-01 -5.50784707e-01 -5.74001610e-01 -1.17842950e-01
  -2.48538971e-01 -3.74258379e-03 -1.87690079e-01  4.36497182e-01
  -3.83000702e-01  2.77266145e-01  1.84859782e-01  1.88020572e-01
   2.73649424e-01 -1.37033211e-02  1.94159567e-01  2.83729345e-01
   2.68839389e-01  3.64182413e-01  2.56284803e-01  3.08210582e-01
   9.78813618e-02 -1.33925021e-01  1.96712688e-01  6.76678121e-02
   3.83694500e-01  1.64792597e-01  2.22816586e-01 -1.57553002e-01
  -4.08059321e-02 -3.70403081e-01 -7.99427867e-01  8.46834183e-01
   1.11149982e-01 -4.01048958e-01  2.28758529e-01  5.46859205e-01
   2.47101769e-01  2.65650749e-01 -2.38024652e-01  4.19029221e-02
   1.10331774e-01 -1.25747070e-01 -3.90780568e-01 -2.56789505e-01]
 [ 3.25531304e-01 -6.29815221e-01  9.16443206e-03  8.95304561e-01
  -7.75261372e-02  1.52227253e-01 -2.52824891e-02 -1.48378834e-01
  -6.27443790e-01  4.01739806e-01  2.10084885e-01 -4.93234664e-01
   3.30768675e-01  6.27863646e-01 -4.36120816e-02  1.76324978e-01
  -1.24946564e-01  2.68982738e-01  9.53956768e-02 -5.01379550e-01
   5.56573234e-02 -6.91752195e-01 -1.90691143e-01 -3.36648405e-01
  -2.84897871e-02 -1.31860301e-01  8.19370970e-02  7.29172707e-01
   1.92680269e-01 -2.56283164e-01  4.86322522e-01  4.12000716e-03
   5.98826170e-01  2.02612896e-02  1.88429892e-01  8.64983976e-01
   2.17707053e-01  1.46234959e-01  3.19362655e-02  5.52772522e-01
   1.57762110e-01 -2.26804435e-01 -3.10816646e-01 -2.25605235e-01
  -1.16023868e-01 -6.09360151e-02  3.58421057e-02  1.29559994e-01
   6.70324683e-01  5.11349380e-01 -2.33015969e-01  3.68101448e-01
  -6.18760347e-01  8.01883280e-01 -3.15014571e-01 -2.29432911e-01
   6.37332439e-01  4.19148743e-01 -2.18052432e-01  4.45290118e-01
   4.01807040e-01  9.74526256e-02 -1.45943582e-01 -3.77724916e-01
  -3.29042941e-01 -1.47155628e-01  5.94093740e-01  4.80097197e-02
   7.90297866e-01 -3.22627723e-01  4.23603147e-01 -1.65885329e-01
   2.00090304e-01 -1.12813786e-01  3.20439376e-02 -8.59316289e-02
   1.63556505e-02  4.87113446e-01 -3.92914444e-01  2.11097851e-01
  -7.22935379e-01 -1.79519922e-01  3.66219550e-01  5.60188472e-01
   3.01268697e-03 -2.10571498e-01  5.25522351e-01 -3.61603141e-01
   6.38653487e-02 -1.50468275e-01  2.21939921e-01  6.22032676e-05
  -3.75313312e-01 -4.33780819e-01  1.38063326e-01  4.06326234e-01
  -2.56908536e-02 -2.05986768e-01 -1.00262916e+00  6.56553283e-02]
 [ 2.46203437e-01  2.03039899e-01 -1.21067919e-01 -1.10685611e+00
  -1.49167195e-01 -2.70903379e-01 -6.17016554e-01 -2.77592868e-01
   4.92579639e-01 -1.60487279e-01  1.29097387e-01  1.05343491e-01
   3.52515012e-01 -4.88279998e-01  3.23016405e-01  1.68494970e-01
   9.99457240e-01 -4.78279144e-01  2.25731820e-01  4.86716889e-02
   4.70042259e-01  2.24032134e-01  2.61078089e-01 -4.86068606e-01
   2.48925269e-01  6.27681553e-01  1.10665321e-01  2.66164452e-01
  -1.60860457e-02  4.24477398e-01  3.17548335e-01  8.18481296e-02
   1.61709741e-01  2.34473377e-01 -1.17518954e-01  1.31715566e-01
  -4.92664486e-01  9.05230176e-03 -6.90747797e-01  3.84203047e-01
   7.86740109e-02  3.96039903e-01 -2.72149622e-01 -2.09357515e-01
  -5.29724956e-01  3.01060498e-01  3.92952785e-02  9.28676203e-02
  -4.43796128e-01  3.72942954e-01 -1.19606517e-01 -2.40920961e-01
   1.84191316e-01 -2.55973786e-01 -2.61098854e-02 -8.40092003e-02
  -3.33295554e-01  6.86563313e-01 -6.92298412e-01 -3.32816154e-01
   3.61164659e-01 -4.63664055e-01  3.62280130e-01  3.77322376e-01
  -1.62586272e-01  3.80694747e-01  3.62390935e-01 -3.60516101e-01
   1.39788195e-01  4.42312270e-01  4.48110759e-01  8.87855887e-01
   1.39407709e-01  2.23003313e-01 -4.67038870e-01  9.45386365e-02
  -1.30115092e-01 -4.27820385e-01  1.60972789e-01  7.81407118e-01
   5.65202534e-01  2.64177889e-01  3.94073278e-01  5.15559018e-01
   3.71978104e-01  4.92821895e-02 -7.73666561e-01  2.95105785e-01
  -3.48026514e-01 -7.68307149e-01  2.88147420e-01  1.73074976e-02
  -3.89110953e-01 -2.96340197e-01 -4.82965231e-01 -4.26771373e-01
  -3.18059593e-01 -1.49433136e-01 -5.22274852e-01 -3.89699340e-01]
 [ 1.44795015e-01  1.80511147e-01  2.18208227e-02  1.05577916e-01
  -1.92659616e-01  3.35244834e-01 -1.33224269e-02 -1.99615061e-01
  -5.55001665e-03  2.84687281e-01 -2.70763963e-01 -1.69976652e-01
   2.18908578e-01 -3.23232323e-01 -1.10402130e-01  1.56127866e-02
  -1.27403930e-01  5.98839968e-02  2.66079366e-01 -5.21143377e-02
   3.09369981e-01 -2.92641640e-01  3.10174406e-01 -3.55029702e-01
   1.44189730e-01  1.45572454e-01  1.64526641e-01  1.69479758e-01
   6.95440080e-03  1.06375061e-01  2.60252357e-02 -2.45047316e-01
   1.52038038e-01  1.04388244e-01 -1.10767007e-01  1.52386963e-01
   6.47030473e-02  1.32626668e-01 -4.14319150e-02  1.23862743e-01
  -1.35948762e-01  1.01442775e-02 -4.09891278e-01  3.83114129e-01
  -3.96627605e-01 -3.16579640e-01  1.26130044e-01 -2.11099997e-01
  -2.29792163e-01 -2.45187115e-02 -1.48831323e-01  1.15143992e-01
  -2.94481486e-01  1.32706940e-01  3.62202078e-02 -2.81548172e-01
   2.39421715e-04 -1.00943945e-01 -8.52317736e-02  1.01911455e-01
   9.95253175e-02 -1.37819704e-02 -1.06148921e-01  1.30015209e-01
  -2.10610136e-01  8.97701532e-02  3.75096828e-01 -8.55788365e-02
   2.40823582e-01  1.18262954e-01  2.44070351e-01  1.08333312e-01
   3.86214584e-01  2.87635922e-01 -2.40746453e-01  3.74118835e-01
   1.50097013e-01 -1.93681136e-01  7.56502599e-02  8.57059360e-02
   2.52582282e-01  1.59042940e-01  2.08538711e-01  1.06597073e-01
   6.79653585e-02 -9.83999595e-02 -1.29786283e-01 -2.94225067e-01
  -3.28363888e-02 -4.32373106e-01  2.94897676e-01  3.61774683e-01
   2.85563231e-01 -9.92801189e-02 -1.38147578e-01 -2.19772711e-01
   1.68838874e-01 -2.99185991e-01 -9.19178203e-02 -2.03298643e-01]
 [ 3.50852937e-01  2.83208907e-01  7.98128724e-01  1.91414225e+00
   1.95044684e+00 -5.79805812e-03 -7.76306033e-01 -5.83703876e-01
  -1.86397089e-03 -1.29299772e+00 -8.82674992e-01 -7.05176532e-01
  -1.17645645e+00  1.52165787e-02  9.81504261e-01  6.54350340e-01
  -1.44507313e+00 -4.73698139e-01  9.68119681e-01 -1.20491731e+00
  -1.91057287e-02 -9.56180990e-01  9.14661214e-02  1.15582693e+00
   1.72009254e+00  1.61183167e+00 -7.58614540e-01 -1.26713192e+00
   1.63195550e-01  2.29542017e-01 -2.09428048e+00 -9.68547404e-01
  -1.61671877e-01 -6.66310489e-01  9.71444309e-01 -2.86616199e-02
   6.12574875e-01  3.73328745e-01  9.39522445e-01 -5.55020906e-02
   8.16420019e-01 -2.74337578e+00 -2.32676744e-01  2.65976131e-01
   4.04057503e-01 -6.83881879e-01 -1.67417681e+00 -3.85818571e-01
  -7.82909870e-01 -2.19045281e-01 -1.44478869e+00  1.24042737e+00
  -6.36603415e-01 -8.11791942e-02 -1.85564423e+00 -9.84513998e-01
   9.83160973e-01 -2.78480339e+00  7.75623441e-01  1.09289837e+00
  -6.28537834e-01  2.47431383e-01 -5.64984858e-01  1.26105738e+00
   1.45974874e+00  8.92907977e-01 -4.10566270e-01 -1.63670138e-01
  -1.22792637e+00 -7.34093487e-01 -1.61761415e+00 -1.27675045e+00
  -2.72444069e-01 -1.04426336e+00  6.14349723e-01 -2.14670785e-02
   3.61043066e-01  1.40964782e+00  1.90010202e+00  1.95960656e-01
   1.12754834e+00 -1.27581382e+00 -8.98121536e-01 -6.67360485e-01
   3.06467056e-01 -1.06552076e+00  1.01434088e+00  2.53821965e-02
   1.15787804e+00 -1.29235470e+00 -2.02737880e+00  7.24118412e-01
   1.75240493e+00  1.93672371e+00 -9.40762460e-01  5.29994488e-01
  -1.24592578e+00 -1.27755547e+00 -1.81750610e-01  3.66304874e-01]]
2025-06-14 11:48:34,665 - INFO - 游닌 Memuat file vektor: 6_vectorized_journal_data/6_dfs_test_vectors.npy
2025-06-14 11:48:34,666 - INFO - 游늷 Bentuk array vektor: (3234, 100)
2025-06-14 11:48:34,669 - INFO - 游댌 5 Vektor pertama:
[[ 8.21212232e-02  8.31892341e-02 -1.63348734e-01 -1.79505404e-02
  -1.73488632e-01  5.16278327e-01 -2.06099734e-01 -2.43361503e-01
  -1.61215544e-01  2.32356369e-01 -1.56623527e-01 -1.76973477e-01
  -2.83401925e-02 -2.44796634e-01  2.37662103e-02 -2.05696430e-02
  -6.80027083e-02 -7.04768077e-02  2.79217005e-01  3.76965813e-02
   1.91154882e-01 -3.91830355e-01  3.49622607e-01 -3.12060434e-02
  -7.88170770e-02 -2.06301838e-01  3.12770396e-01 -1.12896343e-03
  -5.62021807e-02  5.36877923e-02 -3.11798632e-01 -2.71751791e-01
   2.77201477e-02 -7.47028273e-03  9.64373648e-02 -4.28321995e-02
  -3.68794650e-01  1.84021249e-01  4.44096774e-02  3.90393697e-02
  -6.11630529e-02 -2.85271723e-02 -1.81760147e-01  6.38389587e-03
  -4.38647956e-01 -3.50560844e-01 -1.08345553e-01 -2.11390570e-01
  -1.24784745e-01  3.72553878e-02 -7.97676370e-02 -2.77356058e-01
  -1.16407700e-01  4.69193965e-01 -3.51866245e-01  7.96274766e-02
  -1.63944528e-01 -3.09098601e-01 -2.79304922e-01 -3.27911638e-02
   1.63180009e-01 -1.38262808e-01 -3.11686754e-01 -1.18540317e-01
   5.14670722e-02  1.78252012e-01 -5.68645075e-02 -9.32764187e-02
   2.70875454e-01  2.28086233e-01  1.51520565e-01 -8.03583115e-02
   1.12738915e-01  1.26787156e-01 -1.17994912e-01 -3.63347009e-02
   3.24071914e-01 -2.51589064e-02  1.42031051e-02  1.60183147e-01
   2.45592296e-02 -3.95304084e-01  8.88235196e-02  2.92531282e-01
   2.79254634e-02 -1.41959995e-01  5.92019483e-02 -3.58293027e-01
   7.53902271e-02 -1.93496272e-01 -9.75683257e-02  6.50860965e-02
  -7.56706446e-02 -3.31913412e-01  1.20603561e-01 -8.31838399e-02
   2.78275628e-02 -2.39215702e-01 -3.33517015e-01 -1.15821682e-01]
 [ 5.50624616e-02 -2.58931845e-01 -9.29149762e-02 -4.50938269e-02
  -8.07022512e-01  4.48510587e-01 -4.08915609e-01 -4.59345102e-01
  -5.63357770e-01  3.81366819e-01 -1.44871593e-01 -2.25211233e-01
  -3.68880123e-01 -2.88518280e-01 -4.82443571e-02 -4.39938344e-02
  -6.06469251e-02  1.58708066e-01 -9.48239956e-03  2.67025977e-01
   1.41212389e-01  5.39559312e-02  2.48072252e-01 -1.32793233e-01
  -8.76539107e-03 -7.54222810e-01  4.82600451e-01  1.14136681e-01
  -7.59486631e-02  8.88305753e-02 -5.26292920e-01 -2.51255691e-01
   7.06733987e-02  2.69004852e-01 -1.38709962e-01  2.62598127e-01
  -3.12424004e-01  5.72834313e-02 -1.94813579e-01  5.62711775e-01
  -2.50425249e-01  5.88421345e-01 -1.53951019e-01  2.19417945e-01
  -7.17012525e-01 -2.94686764e-01 -8.94083977e-02 -3.00334215e-01
  -3.41478914e-01 -9.15332735e-02  2.05138862e-01 -2.73751557e-01
  -5.99467576e-01  5.70651948e-01  2.64222920e-01 -2.84857303e-02
  -4.00688171e-01 -2.83735227e-02 -9.13272724e-02 -1.81790486e-01
   2.21019506e-01 -5.65334797e-01 -5.62837183e-01 -7.95302913e-02
   3.54809910e-01  2.96854973e-01  3.56205314e-01 -2.98088640e-01
   8.18695843e-01 -1.83671162e-01  3.52789849e-01 -3.59802723e-01
   2.87399292e-01  1.67012691e-01 -1.19162053e-01  1.39754355e-01
   6.01340353e-01 -7.70584345e-01 -3.23079109e-01  7.92865977e-02
  -3.76793474e-01 -1.64594293e-01 -1.13346249e-01  1.61487013e-02
   6.55445270e-03 -2.01225951e-02  4.25118327e-01 -3.65553916e-01
   2.42688894e-01  2.86733747e-01 -2.40512952e-01  2.65857428e-01
  -5.14164329e-01 -2.06207380e-01  8.96289572e-02 -4.00919974e-01
  -2.26631016e-01  1.11059226e-01  9.31821465e-02 -4.57136296e-02]
 [ 4.19859737e-02  8.13762546e-02  1.80459991e-02  4.03733030e-02
  -7.66576007e-02 -1.69153698e-02  3.98969799e-02 -2.43094806e-02
   2.06479374e-02 -2.43629739e-02  6.68616891e-02  2.65613496e-02
   2.77805597e-01  3.90677229e-02  2.41708886e-02  2.76625864e-02
   1.10515393e-01  1.09993042e-02  1.49385184e-01 -1.85113370e-01
  -1.14165926e-02 -1.19652413e-01 -1.57933071e-01  7.03298301e-02
   2.22341400e-02  5.02714105e-02  1.73292741e-01 -6.70511946e-02
   5.09372279e-02  1.30260035e-01  1.18327580e-01  9.70550627e-03
  -1.11362234e-01 -1.30566940e-01  1.52176395e-01 -1.93831563e-01
  -1.91870227e-01  1.27613500e-01  1.21103771e-01 -9.31793749e-02
  -1.93855800e-02 -1.54670849e-02  1.06726721e-01 -1.61649054e-03
  -8.01400095e-02 -1.19851902e-01 -6.64032772e-02 -2.08765510e-02
   5.72197437e-02  3.39444429e-02 -1.17612705e-01  1.93770267e-02
   1.05753131e-01 -1.58392519e-01 -1.55134469e-01  2.31546924e-01
  -2.37024531e-01 -8.41564983e-02 -1.79793537e-01 -3.28372642e-02
  -3.53360251e-02 -6.25967793e-03 -7.31108412e-02 -1.28406156e-02
  -8.27509165e-02  9.22397077e-02 -9.49284136e-02 -4.69410010e-02
   1.79967344e-01 -5.46041690e-02  1.83312058e-01  2.22267001e-03
   2.91483738e-02  5.21627478e-02 -9.26812273e-03 -8.21579024e-02
   1.57974526e-01  2.68251598e-02  1.35254720e-02  1.06576957e-01
   2.23291758e-02 -1.84879869e-01  9.14642885e-02  7.82202557e-02
  -2.41987668e-02 -1.24428354e-01  8.17759931e-02 -4.93289232e-02
  -7.29481056e-02 -2.40611717e-01  1.88890807e-02  7.74953142e-03
   6.24297820e-02 -4.48760577e-02 -1.19712152e-01  2.18045130e-01
  -1.59559339e-01  1.00504287e-01  8.92325044e-02  1.43812031e-01]
 [ 2.62184418e-03  7.99077675e-02 -5.57852209e-01 -4.78587985e-01
  -2.49069780e-01 -5.08932769e-01 -1.17587781e+00  1.55166751e-02
  -4.57457453e-01  5.39752305e-01 -2.39963666e-01  1.90747082e-01
  -6.83671176e-01  2.94907629e-01  5.64273179e-01 -9.76182297e-02
  -8.91744971e-01 -5.56868874e-02 -3.12922984e-01 -3.34065884e-01
  -3.39466155e-01 -2.52095789e-01  1.00709833e-01  2.69407749e-01
   7.93774307e-01 -5.34566566e-02 -2.54260421e-01 -4.69737872e-03
   6.35763884e-01  6.69811189e-01 -1.66404784e+00 -6.45886600e-01
  -3.51029754e-01  8.20579827e-01 -6.02291487e-02 -1.05522525e+00
  -1.00826669e+00  1.12058902e+00  7.13940084e-01 -7.83648729e-01
  -7.35091269e-01  3.96129102e-01  6.37687266e-01  1.03106558e+00
  -1.20668375e+00  7.95413628e-02 -1.39176488e+00  9.17063117e-01
   2.03830957e-01 -1.57771856e-01  1.48233354e+00 -7.05201507e-01
  -3.72236490e-01 -5.18162906e-01 -4.33927566e-01  4.49363202e-01
   1.60668850e-01 -4.16823179e-01  2.54539967e-01 -4.01925802e-01
   2.73919433e-01 -2.22173870e-01 -1.00694919e+00 -1.22477460e+00
   2.08546400e-01  2.36909151e+00  1.14467502e+00 -2.33327687e-01
   5.67858219e-01 -3.77156168e-01 -1.04956841e+00 -4.28126395e-01
  -9.92386341e-01 -2.07915187e+00  1.12750995e+00 -2.58773178e-01
   1.08416688e+00 -3.94021958e-01 -7.01531529e-01  1.06422842e+00
  -3.07299197e-01 -7.69286394e-01 -2.13471483e-02 -2.21903905e-01
  -3.82419080e-01  6.35305405e-01  6.59737885e-01 -1.31811574e-01
   1.61504336e-02  2.59222150e-01 -6.25136122e-02 -6.41283572e-01
  -9.79129374e-01  3.80082726e-02 -9.66655612e-01 -2.16472578e+00
   5.35423398e-01  5.67013681e-01 -3.13010097e-01  2.56718248e-01]
 [ 1.59306941e-03 -4.50706488e-04  3.56438337e-03  2.10312358e-03
   3.38764675e-03  1.28183363e-03  2.78672506e-03  4.02198499e-03
   1.83475437e-03 -4.75673750e-03  1.90294324e-03 -3.59492190e-03
   1.78858871e-03  1.64738658e-03 -2.58309243e-04 -4.24627494e-03
  -2.13132892e-03 -4.59754793e-03 -4.70221945e-04  3.26979998e-03
   2.61263782e-03  3.75120947e-03 -3.51568172e-03 -4.37357742e-03
  -1.60048006e-03  4.08288417e-03 -4.00922587e-03 -2.26537208e-03
   1.50159840e-03  4.46568802e-03 -4.34634094e-05  3.20212659e-03
  -3.68953217e-03 -4.50997893e-03 -7.65272067e-04  3.28942109e-03
   3.49934865e-03 -2.01718742e-03  6.36036391e-04 -3.78248561e-03
   4.74904757e-03 -4.19753883e-03  2.67271465e-03  2.92093446e-03
   2.74279126e-04 -4.80373343e-03 -4.74022888e-03 -3.78618110e-03
  -5.27827418e-04  1.22169196e-03  1.40886303e-04 -4.69380803e-03
   2.33506566e-04  1.49926718e-03  3.30038252e-03  3.80188529e-03
  -4.35643189e-04 -1.31039892e-03  8.40772991e-04 -5.54461207e-04
   2.39688391e-03  1.81885483e-03  1.46296201e-03  8.22373608e-04
   2.73734098e-03 -4.75123711e-03  2.79371743e-04  1.30336999e-03
  -3.96819040e-03  7.60404451e-04 -3.42028146e-03 -2.18599918e-03
   1.06407527e-03  4.52749152e-03  4.75391699e-03  2.34239455e-03
  -5.64799586e-04 -1.92949476e-04  3.11734434e-03  3.04536219e-03
  -4.39846935e-03 -4.15437110e-03 -2.41675321e-03  6.14124525e-04
  -3.81090562e-03 -4.85917414e-03 -3.45738744e-03  1.24725699e-03
  -3.75264278e-03  3.16842739e-03  3.84948845e-03  4.73298423e-04
   1.91664929e-03 -3.97140346e-03  6.69512141e-04 -6.62298524e-04
   3.38776642e-03 -2.89925700e-03  2.38348893e-03  2.32647778e-03]]
2025-06-14 11:48:34,669 - INFO - 游닌 Memuat file label: 5_split_data/5_dfs_train.json
2025-06-14 11:48:36,097 - INFO - 游늵 Distribusi kelas: [11856  1080]
2025-06-14 11:48:36,205 - INFO - 游닌 Memuat file label: 5_split_data/5_dfs_test.json
2025-06-14 11:48:36,510 - INFO - 游늵 Distribusi kelas: [2964  270]
2025-06-14 11:48:36,534 - INFO - ================================================================================
2025-06-14 11:48:36,534 - INFO - === Pengecekan selesai ===
2025-06-14 11:48:36,534 - INFO - ================================================================================
