2025-05-07 00:38:55,135 - root - INFO - ================================================================================
2025-05-07 00:38:55,135 - root - INFO - 🚀 MEMULAI PELATIHAN MODEL: BFS_RANDOM_120MIN
2025-05-07 00:38:55,135 - root - INFO - ================================================================================
2025-05-07 00:38:55,142 - root - INFO - ✅ Data berhasil dimuat. X shape: (25206, 100), y shape: (25206,)
2025-05-07 00:38:55,142 - root - INFO - ⏳ Pelatihan dimulai pada: 2025-05-07 00:38:55
2025-05-07 00:38:55,142 - root - INFO - 🔍 Memulai training model...
2025-05-07 02:39:05,233 - root - INFO - ✅ Training selesai!
2025-05-07 02:39:05,234 - root - INFO - ⏳ TOTAL WAKTU PELATIHAN: 7210.09 detik (120.17 menit)
2025-05-07 02:39:05,234 - root - INFO - ⌛ Pelatihan selesai pada: 2025-05-07 02:39:05
2025-05-07 02:39:08,890 - root - INFO - ✅ Model disimpan ke 8_classification_random/bfs_random_120min/bfs_random_120min_model.pkl
2025-05-07 02:39:08,890 - root - INFO - 🏆 Leaderboard Model:
2025-05-07 02:39:08,903 - root - INFO - 
          rank  ensemble_weight           type      cost   duration
model_id                                                           
279          1             0.78  random_forest  0.002885  19.342601
218          2             0.02  random_forest  0.003246  15.082529
237          3             0.04  random_forest  0.003366  18.142799
297          4             0.10  random_forest  0.003486  16.192629
238          5             0.02  random_forest  0.003607  17.499155
283          6             0.02  random_forest  0.003607  17.083442
135          7             0.02  random_forest  0.004568  20.789160
2025-05-07 02:39:08,912 - root - INFO - 💡 Ensemble Model:
2025-05-07 02:39:08,924 - root - INFO - 
None
2025-05-07 02:39:08,927 - root - INFO - ✅ Data berhasil dimuat. X shape: (3420, 100), y shape: (3420,)
2025-05-07 02:39:08,927 - root - INFO - ================================================================================
2025-05-07 02:39:08,927 - root - INFO - 📌 Memulai Pengujian Model: bfs_random_120min
2025-05-07 02:39:08,927 - root - INFO - ================================================================================
2025-05-07 02:39:10,615 - root - INFO - 📊 Hasil Evaluasi Model bfs_random_120min:
              precision    recall  f1-score   support

Non-Predator     0.9351    0.9917    0.9626      3151
    Predator     0.6667    0.1933    0.2997       269

    accuracy                         0.9289      3420
   macro avg     0.8009    0.5925    0.6311      3420
weighted avg     0.9140    0.9289    0.9104      3420

2025-05-07 02:39:10,616 - root - INFO - 🎯 Akurasi Model: 0.9289
2025-05-07 02:39:10,616 - root - INFO - 💾 Laporan hasil disimpan di: 8_classification_random/bfs_random_120min/bfs_random_120min_classification_report.txt
2025-05-07 02:39:10,616 - root - INFO - ================================================================================
2025-05-07 02:39:10,616 - root - INFO - ✅ Selesai
2025-05-07 02:39:10,616 - root - INFO - ================================================================================
