2025-06-14 19:10:32,424 - root - INFO - ================================================================================
2025-06-14 19:10:32,425 - root - INFO - 🚀 MULAI TRAINING MODEL: DFS | Durasi: 45 Menit
2025-06-14 19:10:32,425 - root - INFO - ================================================================================
2025-06-14 19:10:32,433 - root - INFO - ✅ Data dimuat. X shape: (21782, 100), y shape: (21782,)
2025-06-14 19:10:32,433 - root - INFO - ⏳ Pelatihan dimulai pada: 2025-06-14 19:10:32
2025-06-14 19:10:32,433 - root - INFO - 🔍 Training model...
2025-06-14 19:55:32,384 - root - INFO - ✅ Training selesai!
2025-06-14 19:55:32,384 - root - INFO - ⏳ TOTAL WAKTU: 2699.95 detik (45.00 menit)
2025-06-14 19:55:37,613 - root - INFO - ✅ Model disimpan ke 8_classification/dfs_45min/8_dfs_model.pkl
2025-06-14 19:55:37,615 - root - INFO - 🏆 Leaderboard:
2025-06-14 19:55:37,618 - root - INFO - 
          rank  ensemble_weight                 type      cost    duration
model_id                                                                  
15           1             0.14          extra_trees  0.009459   27.547486
65           2             0.08             adaboost  0.010711  297.602327
2            3             0.02        random_forest  0.016553   98.858922
11           4             0.04          extra_trees  0.021422   26.280190
9            5             0.02                  mlp  0.022256   16.688434
13           6             0.06  k_nearest_neighbors  0.025316   21.003540
21           7             0.02                  mlp  0.025873   68.129060
14           8             0.02                  mlp  0.026151   16.075608
51           9             0.04        random_forest  0.036584  213.051318
24          10             0.12             adaboost  0.083600  126.568808
45          11             0.04        random_forest  0.326749   15.493173
70          12             0.28                  mlp  0.406037    2.616184
36          13             0.04          extra_trees  0.450689    4.104984
63          14             0.06         bernoulli_nb  0.455279    2.481353
74          15             0.02         bernoulli_nb  0.455974    1.326687
2025-06-14 19:55:37,631 - root - INFO - 💡 Model Ensemble:
2025-06-14 19:55:37,655 - root - INFO - 
None
2025-06-14 19:55:37,660 - root - INFO - ✅ Data dimuat. X shape: (3234, 100), y shape: (3234,)
2025-06-14 19:55:37,660 - root - INFO - ================================================================================
2025-06-14 19:55:37,660 - root - INFO - 📌 Evaluasi Model: dfs
2025-06-14 19:55:37,660 - root - INFO - ================================================================================
2025-06-14 19:55:40,220 - root - INFO - 📊 Laporan Evaluasi:
              precision    recall  f1-score   support

Non-Predator     0.9759    0.9285    0.9516      2964
    Predator     0.4879    0.7481    0.5906       270

    accuracy                         0.9134      3234
   macro avg     0.7319    0.8383    0.7711      3234
weighted avg     0.9351    0.9134    0.9215      3234

2025-06-14 19:55:40,223 - root - INFO - 🎯 Akurasi: 0.9134
2025-06-14 19:55:40,225 - root - INFO - 💾 Laporan disimpan di: 8_classification/dfs_45min/8_dfs_classification_report.txt
2025-06-14 19:55:40,225 - root - INFO - ================================================================================
2025-06-14 19:55:40,225 - root - INFO - ✅ Selesai
2025-06-14 19:55:40,225 - root - INFO - ================================================================================
