2025-06-14 18:07:47,609 - root - INFO - ================================================================================
2025-06-14 18:07:47,609 - root - INFO - 🚀 MULAI TRAINING MODEL: BFS | Durasi: 45 Menit
2025-06-14 18:07:47,610 - root - INFO - ================================================================================
2025-06-14 18:07:47,628 - root - INFO - ✅ Data dimuat. X shape: (21690, 100), y shape: (21690,)
2025-06-14 18:07:47,628 - root - INFO - ⏳ Pelatihan dimulai pada: 2025-06-14 18:07:47
2025-06-14 18:07:47,628 - root - INFO - 🔍 Training model...
2025-06-14 18:52:51,240 - root - INFO - ✅ Training selesai!
2025-06-14 18:52:51,240 - root - INFO - ⏳ TOTAL WAKTU: 2703.61 detik (45.06 menit)
2025-06-14 18:52:53,166 - root - INFO - ✅ Model disimpan ke 8_classification/bfs_45min/8_bfs_model.pkl
2025-06-14 18:52:53,166 - root - INFO - 🏆 Leaderboard:
2025-06-14 18:52:53,171 - root - INFO - 
          rank  ensemble_weight                 type      cost   duration
model_id                                                                 
156          1              1.0  k_nearest_neighbors  0.004471  36.296963
2025-06-14 18:52:53,188 - root - INFO - 💡 Model Ensemble:
2025-06-14 18:52:53,193 - root - INFO - 
None
2025-06-14 18:52:53,197 - root - INFO - ✅ Data dimuat. X shape: (3234, 100), y shape: (3234,)
2025-06-14 18:52:53,197 - root - INFO - ================================================================================
2025-06-14 18:52:53,197 - root - INFO - 📌 Evaluasi Model: bfs
2025-06-14 18:52:53,197 - root - INFO - ================================================================================
2025-06-14 18:52:54,285 - root - INFO - 📊 Laporan Evaluasi:
              precision    recall  f1-score   support

Non-Predator     0.9839    0.8877    0.9333      2964
    Predator     0.4054    0.8407    0.5470       270

    accuracy                         0.8837      3234
   macro avg     0.6946    0.8642    0.7401      3234
weighted avg     0.9356    0.8837    0.9011      3234

2025-06-14 18:52:54,286 - root - INFO - 🎯 Akurasi: 0.8837
2025-06-14 18:52:54,286 - root - INFO - 💾 Laporan disimpan di: 8_classification/bfs_45min/8_bfs_classification_report.txt
2025-06-14 18:52:54,286 - root - INFO - ================================================================================
2025-06-14 18:52:54,286 - root - INFO - ✅ Selesai
2025-06-14 18:52:54,286 - root - INFO - ================================================================================
