2025-05-06 21:20:14,038 - root - INFO - ================================================================================
2025-05-06 21:20:14,038 - root - INFO - 🚀 MEMULAI PELATIHAN MODEL: BFS_RANDOM_30MIN
2025-05-06 21:20:14,038 - root - INFO - ================================================================================
2025-05-06 21:20:14,044 - root - INFO - ✅ Data berhasil dimuat. X shape: (25206, 100), y shape: (25206,)
2025-05-06 21:20:14,044 - root - INFO - ⏳ Pelatihan dimulai pada: 2025-05-06 21:20:14
2025-05-06 21:20:14,044 - root - INFO - 🔍 Memulai training model...
2025-05-06 21:50:12,844 - root - INFO - ✅ Training selesai!
2025-05-06 21:50:12,845 - root - INFO - ⏳ TOTAL WAKTU PELATIHAN: 1798.80 detik (29.98 menit)
2025-05-06 21:50:12,845 - root - INFO - ⌛ Pelatihan selesai pada: 2025-05-06 21:50:12
2025-05-06 21:50:18,056 - root - INFO - ✅ Model disimpan ke 8_classification_random/bfs_random_30min/bfs_random_30min_model.pkl
2025-05-06 21:50:18,056 - root - INFO - 🏆 Leaderboard Model:
2025-05-06 21:50:18,059 - root - INFO - 
          rank  ensemble_weight           type      cost   duration
model_id                                                           
81           1             0.32    extra_trees  0.003847  26.703876
12           2             0.16    extra_trees  0.003967  22.664792
99           3             0.10    extra_trees  0.004088  28.452202
112          4             0.20    extra_trees  0.004088  19.191971
100          5             0.02    extra_trees  0.004809  50.714276
56           6             0.02    extra_trees  0.005170  10.232289
95           7             0.02    extra_trees  0.005891  21.945122
90           8             0.02    extra_trees  0.006372   9.771699
54           9             0.04  random_forest  0.010099  45.133598
76          10             0.06    extra_trees  0.062154  53.228158
27          11             0.04       adaboost  0.106756  84.266511
2025-05-06 21:50:18,072 - root - INFO - 💡 Ensemble Model:
2025-05-06 21:50:18,088 - root - INFO - 
None
2025-05-06 21:50:18,092 - root - INFO - ✅ Data berhasil dimuat. X shape: (3420, 100), y shape: (3420,)
2025-05-06 21:50:18,092 - root - INFO - ================================================================================
2025-05-06 21:50:18,092 - root - INFO - 📌 Memulai Pengujian Model: bfs_random_30min
2025-05-06 21:50:18,092 - root - INFO - ================================================================================
2025-05-06 21:50:20,773 - root - INFO - 📊 Hasil Evaluasi Model bfs_random_30min:
              precision    recall  f1-score   support

Non-Predator     0.9403    0.9898    0.9644      3151
    Predator     0.6893    0.2639    0.3817       269

    accuracy                         0.9327      3420
   macro avg     0.8148    0.6269    0.6731      3420
weighted avg     0.9206    0.9327    0.9186      3420

2025-05-06 21:50:20,774 - root - INFO - 🎯 Akurasi Model: 0.9327
2025-05-06 21:50:20,774 - root - INFO - 💾 Laporan hasil disimpan di: 8_classification_random/bfs_random_30min/bfs_random_30min_classification_report.txt
2025-05-06 21:50:20,774 - root - INFO - ================================================================================
2025-05-06 21:50:20,774 - root - INFO - ✅ Selesai
2025-05-06 21:50:20,774 - root - INFO - ================================================================================
