2025-06-14 15:13:36,836 - root - INFO - ================================================================================
2025-06-14 15:13:36,837 - root - INFO - 🚀 MULAI TRAINING MODEL: BFS | Durasi: 90 Menit
2025-06-14 15:13:36,837 - root - INFO - ================================================================================
2025-06-14 15:13:36,851 - root - INFO - ✅ Data dimuat. X shape: (21690, 100), y shape: (21690,)
2025-06-14 15:13:36,851 - root - INFO - ⏳ Pelatihan dimulai pada: 2025-06-14 15:13:36
2025-06-14 15:13:36,851 - root - INFO - 🔍 Training model...
2025-06-14 16:43:41,075 - root - INFO - ✅ Training selesai!
2025-06-14 16:43:41,075 - root - INFO - ⏳ TOTAL WAKTU: 5404.22 detik (90.07 menit)
2025-06-14 16:43:51,014 - root - INFO - ✅ Model disimpan ke 8_classification/bfs_90min/8_bfs_model.pkl
2025-06-14 16:43:51,017 - root - INFO - 🏆 Leaderboard:
2025-06-14 16:43:51,021 - root - INFO - 
          rank  ensemble_weight                 type      cost    duration
model_id                                                                  
138          1             0.12          extra_trees  0.010059   94.632675
148          2             0.02          extra_trees  0.010198  101.756243
136          4             0.02          extra_trees  0.010338   83.410253
147          3             0.02          extra_trees  0.010338   93.778945
150          5             0.02          extra_trees  0.010478   88.199415
105          7             0.02          extra_trees  0.010757  176.111566
140          6             0.04          extra_trees  0.010757  126.938893
101          8             0.02          extra_trees  0.011176   16.064186
17           9             0.22          extra_trees  0.011316   24.185647
91          10             0.02          extra_trees  0.013970   34.697767
121         11             0.02          extra_trees  0.014250   13.295781
135         12             0.02          extra_trees  0.014948   13.414370
141         13             0.04          extra_trees  0.015367  170.712313
142         14             0.02          extra_trees  0.015367   70.230775
118         15             0.02          extra_trees  0.016625  846.694247
45          16             0.02          extra_trees  0.018301   15.334014
125         17             0.02                  mlp  0.022353   19.622811
14          18             0.16  k_nearest_neighbors  0.026125   15.018344
12          19             0.02                  mlp  0.028639   13.693845
54          20             0.14             adaboost  0.030316  390.353902
2025-06-14 16:43:51,033 - root - INFO - 💡 Model Ensemble:
2025-06-14 16:43:51,065 - root - INFO - 
None
2025-06-14 16:43:51,066 - root - INFO - ✅ Data dimuat. X shape: (3234, 100), y shape: (3234,)
2025-06-14 16:43:51,066 - root - INFO - ================================================================================
2025-06-14 16:43:51,066 - root - INFO - 📌 Evaluasi Model: bfs
2025-06-14 16:43:51,066 - root - INFO - ================================================================================
2025-06-14 16:44:02,655 - root - INFO - 📊 Laporan Evaluasi:
              precision    recall  f1-score   support

Non-Predator     0.9790    0.9265    0.9520      2964
    Predator     0.4918    0.7815    0.6037       270

    accuracy                         0.9143      3234
   macro avg     0.7354    0.8540    0.7779      3234
weighted avg     0.9383    0.9143    0.9229      3234

2025-06-14 16:44:02,656 - root - INFO - 🎯 Akurasi: 0.9143
2025-06-14 16:44:02,656 - root - INFO - 💾 Laporan disimpan di: 8_classification/bfs_90min/8_bfs_classification_report.txt
2025-06-14 16:44:02,656 - root - INFO - ================================================================================
2025-06-14 16:44:02,656 - root - INFO - ✅ Selesai
2025-06-14 16:44:02,656 - root - INFO - ================================================================================
