2025-05-06 21:53:27,272 - root - INFO - ================================================================================
2025-05-06 21:53:27,272 - root - INFO - 🚀 MEMULAI PELATIHAN MODEL: BFS_RANDOM_60MIN
2025-05-06 21:53:27,272 - root - INFO - ================================================================================
2025-05-06 21:53:27,279 - root - INFO - ✅ Data berhasil dimuat. X shape: (25206, 100), y shape: (25206,)
2025-05-06 21:53:27,280 - root - INFO - ⏳ Pelatihan dimulai pada: 2025-05-06 21:53:27
2025-05-06 21:53:27,280 - root - INFO - 🔍 Memulai training model...
2025-05-06 22:53:33,177 - root - INFO - ✅ Training selesai!
2025-05-06 22:53:33,177 - root - INFO - ⏳ TOTAL WAKTU PELATIHAN: 3605.90 detik (60.10 menit)
2025-05-06 22:53:33,177 - root - INFO - ⌛ Pelatihan selesai pada: 2025-05-06 22:53:33
2025-05-06 22:53:37,464 - root - INFO - ✅ Model disimpan ke 8_classification_random/bfs_random_60min/bfs_random_60min_model.pkl
2025-05-06 22:53:37,464 - root - INFO - 🏆 Leaderboard Model:
2025-05-06 22:53:37,467 - root - INFO - 
          rank  ensemble_weight         type      cost   duration
model_id                                                         
95           1             0.38  extra_trees  0.003727  23.120948
101          2             0.08  extra_trees  0.003847  26.237575
12           3             0.06  extra_trees  0.003967  22.529901
100          4             0.12  extra_trees  0.004088  21.693903
87           5             0.10  extra_trees  0.004328  24.935212
89           6             0.02  extra_trees  0.004328  24.781956
102          7             0.04  extra_trees  0.004328  20.372659
27           8             0.16     adaboost  0.106756  83.930354
83           9             0.04     adaboost  0.120822  33.139494
2025-05-06 22:53:37,477 - root - INFO - 💡 Ensemble Model:
2025-05-06 22:53:37,491 - root - INFO - 
None
2025-05-06 22:53:37,492 - root - INFO - ✅ Data berhasil dimuat. X shape: (3420, 100), y shape: (3420,)
2025-05-06 22:53:37,492 - root - INFO - ================================================================================
2025-05-06 22:53:37,493 - root - INFO - 📌 Memulai Pengujian Model: bfs_random_60min
2025-05-06 22:53:37,493 - root - INFO - ================================================================================
2025-05-06 22:53:39,672 - root - INFO - 📊 Hasil Evaluasi Model bfs_random_60min:
              precision    recall  f1-score   support

Non-Predator     0.9395    0.9914    0.9648      3151
    Predator     0.7158    0.2528    0.3736       269

    accuracy                         0.9333      3420
   macro avg     0.8277    0.6221    0.6692      3420
weighted avg     0.9219    0.9333    0.9183      3420

2025-05-06 22:53:39,673 - root - INFO - 🎯 Akurasi Model: 0.9333
2025-05-06 22:53:39,673 - root - INFO - 💾 Laporan hasil disimpan di: 8_classification_random/bfs_random_60min/bfs_random_60min_classification_report.txt
2025-05-06 22:53:39,673 - root - INFO - ================================================================================
2025-05-06 22:53:39,673 - root - INFO - ✅ Selesai
2025-05-06 22:53:39,673 - root - INFO - ================================================================================
